[2025-10-02 14:30:02] INFO: ========== 开始自动同步任务 ==========
[2025-10-02 14:30:02] INFO: 检查依赖...
[2025-10-02 14:30:08] INFO: 依赖检查通过
[2025-10-02 14:30:08] INFO: 开始自动同步 thought 备忘录...
🔗 连接到备忘录应用...
🔄 开始同步thought备忘录...

❌ 发生错误: 未连接到备忘录应用
[2025-10-02 14:30:09] ERROR: 同步失败，请查看错误日志: /Users/cengyaohua/blog/logs/auto-sync-thoughts-error.log
[2025-10-02 14:30:09] ERROR: 自动同步任务失败
[2025-10-03 14:30:02] INFO: ========== 开始自动同步任务 ==========
[2025-10-03 14:30:02] INFO: 检查依赖...
[2025-10-03 14:30:07] INFO: 依赖检查通过
[2025-10-03 14:30:07] INFO: 开始自动同步 thought 备忘录...
🔗 连接到备忘录应用...
🔄 开始同步thought备忘录...

❌ 发生错误: 未连接到备忘录应用
[2025-10-03 14:30:09] ERROR: 同步失败，请查看错误日志: /Users/cengyaohua/blog/logs/auto-sync-thoughts-error.log
[2025-10-03 14:30:09] ERROR: 自动同步任务失败
[2025-10-04 14:30:03] INFO: ========== 开始自动同步任务 ==========
[2025-10-04 14:30:03] INFO: 检查依赖...
[2025-10-04 14:30:04] INFO: 依赖检查通过
[2025-10-04 14:30:04] INFO: 开始自动同步 thought 备忘录...
🔗 连接到备忘录应用...
🔄 开始同步thought备忘录...

❌ 发生错误: 未连接到备忘录应用
[2025-10-04 14:30:06] ERROR: 同步失败，请查看错误日志: /Users/cengyaohua/blog/logs/auto-sync-thoughts-error.log
[2025-10-04 14:30:06] ERROR: 自动同步任务失败
[2025-10-05 14:30:04] INFO: ========== 开始自动同步任务 ==========
[2025-10-05 14:30:04] INFO: 检查依赖...
[2025-10-05 14:30:09] INFO: 依赖检查通过
[2025-10-05 14:30:09] INFO: 开始自动同步 thought 备忘录...
🔗 连接到备忘录应用...
🔄 开始同步thought备忘录...

❌ 发生错误: 未连接到备忘录应用
[2025-10-05 14:30:11] ERROR: 同步失败，请查看错误日志: /Users/cengyaohua/blog/logs/auto-sync-thoughts-error.log
[2025-10-05 14:30:11] ERROR: 自动同步任务失败
[2025-10-06 14:30:05] INFO: ========== 开始自动同步任务 ==========
[2025-10-06 14:30:05] INFO: 检查依赖...
[2025-10-06 14:30:10] INFO: 依赖检查通过
[2025-10-06 14:30:10] INFO: 开始自动同步 thought 备忘录...
🔗 连接到备忘录应用...
🔄 开始同步thought备忘录...

❌ 发生错误: 未连接到备忘录应用
[2025-10-06 14:30:11] ERROR: 同步失败，请查看错误日志: /Users/cengyaohua/blog/logs/auto-sync-thoughts-error.log
[2025-10-06 14:30:11] ERROR: 自动同步任务失败
[2025-10-07 14:30:00] INFO: ========== 开始自动同步任务 ==========
[2025-10-07 14:30:00] INFO: 检查依赖...
[2025-10-07 14:30:05] INFO: 依赖检查通过
[2025-10-07 14:30:05] INFO: 开始自动同步 thought 备忘录...
🔗 连接到备忘录应用...
🔄 开始同步thought备忘录...

❌ 发生错误: 未连接到备忘录应用
[2025-10-07 14:30:08] ERROR: 同步失败，请查看错误日志: /Users/cengyaohua/blog/logs/auto-sync-thoughts-error.log
[2025-10-07 14:30:08] ERROR: 自动同步任务失败
[2025-10-10 14:30:05] INFO: ========== 开始自动同步任务 ==========
[2025-10-10 14:30:05] INFO: 检查依赖...
[2025-10-10 14:30:10] INFO: 依赖检查通过
[2025-10-10 14:30:10] INFO: 开始自动同步 thought 备忘录...
🔗 连接到备忘录应用...
🔄 开始同步thought备忘录...

❌ 发生错误: 未连接到备忘录应用
[2025-10-10 14:30:11] ERROR: 同步失败，请查看错误日志: /Users/cengyaohua/blog/logs/auto-sync-thoughts-error.log
[2025-10-10 14:30:11] ERROR: 自动同步任务失败
[2025-10-11 14:30:05] INFO: ========== 开始自动同步任务 ==========
[2025-10-11 14:30:05] INFO: 检查依赖...
[2025-10-11 14:30:10] INFO: 依赖检查通过
[2025-10-11 14:30:10] INFO: 开始自动同步 thought 备忘录...
🔗 连接到备忘录应用...
🔄 开始同步thought备忘录...

❌ 发生错误: 未连接到备忘录应用
[2025-10-11 14:30:12] ERROR: 同步失败，请查看错误日志: /Users/cengyaohua/blog/logs/auto-sync-thoughts-error.log
[2025-10-11 14:30:12] ERROR: 自动同步任务失败
[2025-10-12 14:30:00] INFO: ========== 开始自动同步任务 ==========
[2025-10-12 14:30:00] INFO: 检查依赖...
[2025-10-12 14:30:16] INFO: 依赖检查通过
[2025-10-12 14:30:16] INFO: 开始自动同步 thought 备忘录...
🔗 连接到备忘录应用...
🔄 开始同步thought备忘录...

❌ 发生错误: 未连接到备忘录应用
[2025-10-12 14:30:18] ERROR: 同步失败，请查看错误日志: /Users/cengyaohua/blog/logs/auto-sync-thoughts-error.log
[2025-10-12 14:30:18] ERROR: 自动同步任务失败
